{
  "stats": {
    "suites": 1,
    "tests": 3,
    "passes": 3,
    "pending": 0,
    "failures": 0,
    "start": "2021-03-17T20:56:31.377Z",
    "end": "2021-03-17T20:56:31.536Z",
    "duration": 159,
    "testsRegistered": 3,
    "passPercent": 100,
    "pendingPercent": 0,
    "other": 0,
    "hasOther": false,
    "skipped": 0,
    "hasSkipped": false
  },
  "results": [
    {
      "uuid": "2a95295f-3a1e-4d5b-9a11-e9c4e4c41b6c",
      "title": "",
      "fullFile": "",
      "file": "",
      "beforeHooks": [],
      "afterHooks": [],
      "tests": [],
      "suites": [
        {
          "uuid": "080511c9-06d2-4182-97d0-8d79b779b175",
          "title": "data driven test",
          "fullFile": "",
          "file": "",
          "beforeHooks": [],
          "afterHooks": [],
          "tests": [
            {
              "title": "A calculation (example #1)",
              "fullTitle": "data driven test A calculation (example #1)",
              "timedOut": null,
              "duration": 105,
              "state": "passed",
              "speed": "slow",
              "pass": true,
              "fail": false,
              "pending": false,
              "context": null,
              "code": "if (backgroundSection) {\n  backgroundSection.steps.forEach(step => {\n    stepTest.call(this, step);\n  });\n}\nscenario.steps.forEach(step => {\n  const newStep = Object.assign({}, step);\n  newStep.text = replaceParameterTags(rowData, newStep.text);\n  stepTest.call(this, newStep, rowData);\n});",
              "err": {},
              "uuid": "2cb4a3c0-3bb3-423d-8328-87084ec95736",
              "parentUUID": "080511c9-06d2-4182-97d0-8d79b779b175",
              "isHook": false,
              "skipped": false
            },
            {
              "title": "A calculation (example #2)",
              "fullTitle": "data driven test A calculation (example #2)",
              "timedOut": null,
              "duration": 15,
              "state": "passed",
              "speed": "fast",
              "pass": true,
              "fail": false,
              "pending": false,
              "context": null,
              "code": "if (backgroundSection) {\n  backgroundSection.steps.forEach(step => {\n    stepTest.call(this, step);\n  });\n}\nscenario.steps.forEach(step => {\n  const newStep = Object.assign({}, step);\n  newStep.text = replaceParameterTags(rowData, newStep.text);\n  stepTest.call(this, newStep, rowData);\n});",
              "err": {},
              "uuid": "4633e2cb-b3ae-41c3-bb86-29ab7ac4b427",
              "parentUUID": "080511c9-06d2-4182-97d0-8d79b779b175",
              "isHook": false,
              "skipped": false
            },
            {
              "title": "A calculation (example #3)",
              "fullTitle": "data driven test A calculation (example #3)",
              "timedOut": null,
              "duration": 14,
              "state": "passed",
              "speed": "fast",
              "pass": true,
              "fail": false,
              "pending": false,
              "context": null,
              "code": "if (backgroundSection) {\n  backgroundSection.steps.forEach(step => {\n    stepTest.call(this, step);\n  });\n}\nscenario.steps.forEach(step => {\n  const newStep = Object.assign({}, step);\n  newStep.text = replaceParameterTags(rowData, newStep.text);\n  stepTest.call(this, newStep, rowData);\n});",
              "err": {},
              "uuid": "3f9f6ff7-fbd5-4501-ab90-c807bb21c40e",
              "parentUUID": "080511c9-06d2-4182-97d0-8d79b779b175",
              "isHook": false,
              "skipped": false
            }
          ],
          "suites": [],
          "passes": [
            "2cb4a3c0-3bb3-423d-8328-87084ec95736",
            "4633e2cb-b3ae-41c3-bb86-29ab7ac4b427",
            "3f9f6ff7-fbd5-4501-ab90-c807bb21c40e"
          ],
          "failures": [],
          "pending": [],
          "skipped": [],
          "duration": 134,
          "root": false,
          "rootEmpty": false,
          "_timeout": 2000
        }
      ],
      "passes": [],
      "failures": [],
      "pending": [],
      "skipped": [],
      "duration": 0,
      "root": true,
      "rootEmpty": true,
      "_timeout": 2000
    }
  ],
  "meta": {
    "mocha": {
      "version": "5.0.0"
    },
    "mochawesome": {
      "options": {
        "quiet": false,
        "reportFilename": "mochawesome",
        "saveHtml": false,
        "saveJson": true,
        "consoleReporter": "spec",
        "useInlineDiffs": false
      },
      "version": "4.1.0"
    },
    "marge": {
      "options": {
        "overwrite": false,
        "html": false,
        "json": true
      },
      "version": "4.0.1"
    }
  }
}