{
  "stats": {
    "suites": 1,
    "tests": 3,
    "passes": 3,
    "pending": 0,
    "failures": 0,
    "start": "2021-04-11T07:23:52.539Z",
    "end": "2021-04-11T07:23:52.626Z",
    "duration": 87,
    "testsRegistered": 3,
    "passPercent": 100,
    "pendingPercent": 0,
    "other": 0,
    "hasOther": false,
    "skipped": 0,
    "hasSkipped": false
  },
  "results": [
    {
      "uuid": "7e439e8e-d54b-49fd-be53-5962064cebae",
      "title": "",
      "fullFile": "",
      "file": "",
      "beforeHooks": [],
      "afterHooks": [],
      "tests": [],
      "suites": [
        {
          "uuid": "42200f1d-2970-4919-8e65-05a34ffcb1d7",
          "title": "data driven test",
          "fullFile": "",
          "file": "",
          "beforeHooks": [],
          "afterHooks": [],
          "tests": [
            {
              "title": "A calculation (example #1)",
              "fullTitle": "data driven test A calculation (example #1)",
              "timedOut": null,
              "duration": 52,
              "state": "passed",
              "speed": "medium",
              "pass": true,
              "fail": false,
              "pending": false,
              "context": null,
              "code": "if (backgroundSection) {\n  backgroundSection.steps.forEach(step => {\n    stepTest.call(this, step);\n  });\n}\nscenario.steps.forEach(step => {\n  const newStep = Object.assign({}, step);\n  newStep.text = replaceParameterTags(rowData, newStep.text);\n  stepTest.call(this, newStep, rowData);\n});",
              "err": {},
              "uuid": "b883a9b6-08e0-4f2a-8e02-c5464ce08752",
              "parentUUID": "42200f1d-2970-4919-8e65-05a34ffcb1d7",
              "isHook": false,
              "skipped": false
            },
            {
              "title": "A calculation (example #2)",
              "fullTitle": "data driven test A calculation (example #2)",
              "timedOut": null,
              "duration": 8,
              "state": "passed",
              "speed": "fast",
              "pass": true,
              "fail": false,
              "pending": false,
              "context": null,
              "code": "if (backgroundSection) {\n  backgroundSection.steps.forEach(step => {\n    stepTest.call(this, step);\n  });\n}\nscenario.steps.forEach(step => {\n  const newStep = Object.assign({}, step);\n  newStep.text = replaceParameterTags(rowData, newStep.text);\n  stepTest.call(this, newStep, rowData);\n});",
              "err": {},
              "uuid": "e5b959e8-6dba-466e-9047-fdd51e7bc0f3",
              "parentUUID": "42200f1d-2970-4919-8e65-05a34ffcb1d7",
              "isHook": false,
              "skipped": false
            },
            {
              "title": "A calculation (example #3)",
              "fullTitle": "data driven test A calculation (example #3)",
              "timedOut": null,
              "duration": 7,
              "state": "passed",
              "speed": "fast",
              "pass": true,
              "fail": false,
              "pending": false,
              "context": null,
              "code": "if (backgroundSection) {\n  backgroundSection.steps.forEach(step => {\n    stepTest.call(this, step);\n  });\n}\nscenario.steps.forEach(step => {\n  const newStep = Object.assign({}, step);\n  newStep.text = replaceParameterTags(rowData, newStep.text);\n  stepTest.call(this, newStep, rowData);\n});",
              "err": {},
              "uuid": "0dfe192d-3396-4c19-9556-baf240eecee9",
              "parentUUID": "42200f1d-2970-4919-8e65-05a34ffcb1d7",
              "isHook": false,
              "skipped": false
            }
          ],
          "suites": [],
          "passes": [
            "b883a9b6-08e0-4f2a-8e02-c5464ce08752",
            "e5b959e8-6dba-466e-9047-fdd51e7bc0f3",
            "0dfe192d-3396-4c19-9556-baf240eecee9"
          ],
          "failures": [],
          "pending": [],
          "skipped": [],
          "duration": 67,
          "root": false,
          "rootEmpty": false,
          "_timeout": 2000
        }
      ],
      "passes": [],
      "failures": [],
      "pending": [],
      "skipped": [],
      "duration": 0,
      "root": true,
      "rootEmpty": true,
      "_timeout": 2000
    }
  ],
  "meta": {
    "mocha": {
      "version": "5.0.0"
    },
    "mochawesome": {
      "options": {
        "quiet": false,
        "reportFilename": "mochawesome",
        "saveHtml": false,
        "saveJson": true,
        "consoleReporter": "spec",
        "useInlineDiffs": false
      },
      "version": "4.1.0"
    },
    "marge": {
      "options": {
        "overwrite": false,
        "html": false,
        "json": true
      },
      "version": "4.0.1"
    }
  }
}